2021-06-21T02:53:48.657Z [31merror[39m: [ERR] message: Cannot read property 'forEach' of undefined 
 Name: TypeError 
 Stack: TypeError: Cannot read property 'forEach' of undefined
    at model.Query.deleteProductImages (C:\Users\Jesus\Desktop\Lintufly-sales\server\src\models\Product.model.ts:74:12)
    at callMiddlewareFunction (C:\Users\Jesus\Desktop\Lintufly-sales\server\node_modules\kareem\index.js:483:23)
    at next (C:\Users\Jesus\Desktop\Lintufly-sales\server\node_modules\kareem\index.js:194:9)
    at Kareem.execPost (C:\Users\Jesus\Desktop\Lintufly-sales\server\node_modules\kareem\index.js:218:3)
    at _cb (C:\Users\Jesus\Desktop\Lintufly-sales\server\node_modules\kareem\index.js:308:15)
    at C:\Users\Jesus\Desktop\Lintufly-sales\server\node_modules\mongoose\lib\query.js:4555:12
    at Immediate._handleDeleteWriteOpResult (C:\Users\Jesus\Desktop\Lintufly-sales\server\node_modules\mongoose\lib\queryhelpers.js:321:12)
    at Immediate.<anonymous> (C:\Users\Jesus\Desktop\Lintufly-sales\server\node_modules\mquery\lib\utils.js:123:16)
    at processImmediate (node:internal/timers:463:21) 
 json: {}
2021-06-21T02:55:54.737Z [31merror[39m: [ERR] message: Cannot read property 'forEach' of undefined 
 Name: TypeError 
 Stack: TypeError: Cannot read property 'forEach' of undefined
    at model.Query.deleteProductImages (C:\Users\Jesus\Desktop\Lintufly-sales\server\src\models\Product.model.ts:75:12)
    at callMiddlewareFunction (C:\Users\Jesus\Desktop\Lintufly-sales\server\node_modules\kareem\index.js:483:23)
    at next (C:\Users\Jesus\Desktop\Lintufly-sales\server\node_modules\kareem\index.js:194:9)
    at Kareem.execPost (C:\Users\Jesus\Desktop\Lintufly-sales\server\node_modules\kareem\index.js:218:3)
    at _cb (C:\Users\Jesus\Desktop\Lintufly-sales\server\node_modules\kareem\index.js:308:15)
    at C:\Users\Jesus\Desktop\Lintufly-sales\server\node_modules\mongoose\lib\query.js:4555:12
    at Immediate._handleDeleteWriteOpResult (C:\Users\Jesus\Desktop\Lintufly-sales\server\node_modules\mongoose\lib\queryhelpers.js:321:12)
    at Immediate.<anonymous> (C:\Users\Jesus\Desktop\Lintufly-sales\server\node_modules\mquery\lib\utils.js:123:16)
    at processImmediate (node:internal/timers:463:21) 
 json: {}
2021-06-21T03:01:33.087Z [31merror[39m: [ERR] message: Cannot read property 'forEach' of undefined 
 Name: TypeError 
 Stack: TypeError: Cannot read property 'forEach' of undefined
    at model.Query.deleteProductImages (C:\Users\Jesus\Desktop\Lintufly-sales\server\src\models\Product.model.ts:75:12)
    at callMiddlewareFunction (C:\Users\Jesus\Desktop\Lintufly-sales\server\node_modules\kareem\index.js:483:23)
    at next (C:\Users\Jesus\Desktop\Lintufly-sales\server\node_modules\kareem\index.js:194:9)
    at Kareem.execPost (C:\Users\Jesus\Desktop\Lintufly-sales\server\node_modules\kareem\index.js:218:3)
    at _cb (C:\Users\Jesus\Desktop\Lintufly-sales\server\node_modules\kareem\index.js:308:15)
    at C:\Users\Jesus\Desktop\Lintufly-sales\server\node_modules\mongoose\lib\query.js:4555:12
    at Immediate._handleDeleteWriteOpResult (C:\Users\Jesus\Desktop\Lintufly-sales\server\node_modules\mongoose\lib\queryhelpers.js:321:12)
    at Immediate.<anonymous> (C:\Users\Jesus\Desktop\Lintufly-sales\server\node_modules\mquery\lib\utils.js:123:16)
    at processImmediate (node:internal/timers:463:21) 
 json: {}
2021-06-21T03:02:56.656Z [31merror[39m: [ERR] message: Cannot read property 'forEach' of undefined 
 Name: TypeError 
 Stack: TypeError: Cannot read property 'forEach' of undefined
    at model.Query.deleteProductImages (C:\Users\Jesus\Desktop\Lintufly-sales\server\src\models\Product.model.ts:77:12)
    at callMiddlewareFunction (C:\Users\Jesus\Desktop\Lintufly-sales\server\node_modules\kareem\index.js:483:23)
    at next (C:\Users\Jesus\Desktop\Lintufly-sales\server\node_modules\kareem\index.js:194:9)
    at Kareem.execPost (C:\Users\Jesus\Desktop\Lintufly-sales\server\node_modules\kareem\index.js:218:3)
    at _cb (C:\Users\Jesus\Desktop\Lintufly-sales\server\node_modules\kareem\index.js:308:15)
    at C:\Users\Jesus\Desktop\Lintufly-sales\server\node_modules\mongoose\lib\query.js:4555:12
    at Immediate._handleDeleteWriteOpResult (C:\Users\Jesus\Desktop\Lintufly-sales\server\node_modules\mongoose\lib\queryhelpers.js:321:12)
    at Immediate.<anonymous> (C:\Users\Jesus\Desktop\Lintufly-sales\server\node_modules\mquery\lib\utils.js:123:16)
    at processImmediate (node:internal/timers:463:21) 
 json: {}
2021-06-21T03:09:15.212Z [31merror[39m: [ERR] message: Cannot read property 'forEach' of undefined 
 Name: TypeError 
 Stack: TypeError: Cannot read property 'forEach' of undefined
    at model.Query.deleteProductImages (C:\Users\Jesus\Desktop\Lintufly-sales\server\src\models\Product.model.ts:76:12)
    at callMiddlewareFunction (C:\Users\Jesus\Desktop\Lintufly-sales\server\node_modules\kareem\index.js:483:23)
    at next (C:\Users\Jesus\Desktop\Lintufly-sales\server\node_modules\kareem\index.js:194:9)
    at Kareem.execPost (C:\Users\Jesus\Desktop\Lintufly-sales\server\node_modules\kareem\index.js:218:3)
    at _cb (C:\Users\Jesus\Desktop\Lintufly-sales\server\node_modules\kareem\index.js:308:15)
    at C:\Users\Jesus\Desktop\Lintufly-sales\server\node_modules\mongoose\lib\query.js:4555:12
    at Immediate._handleDeleteWriteOpResult (C:\Users\Jesus\Desktop\Lintufly-sales\server\node_modules\mongoose\lib\queryhelpers.js:321:12)
    at Immediate.<anonymous> (C:\Users\Jesus\Desktop\Lintufly-sales\server\node_modules\mquery\lib\utils.js:123:16)
    at processImmediate (node:internal/timers:463:21) 
 json: {}
2021-06-21T03:14:59.206Z [31merror[39m: [ERR] message: Cannot read property 'forEach' of undefined 
 Name: TypeError 
 Stack: TypeError: Cannot read property 'forEach' of undefined
    at model.Query.deleteProductImages (C:\Users\Jesus\Desktop\Lintufly-sales\server\src\models\Product.model.ts:76:12)
    at callMiddlewareFunction (C:\Users\Jesus\Desktop\Lintufly-sales\server\node_modules\kareem\index.js:483:23)
    at next (C:\Users\Jesus\Desktop\Lintufly-sales\server\node_modules\kareem\index.js:58:7)
    at Kareem.execPre (C:\Users\Jesus\Desktop\Lintufly-sales\server\node_modules\kareem\index.js:87:8)
    at Kareem.wrap (C:\Users\Jesus\Desktop\Lintufly-sales\server\node_modules\kareem\index.js:266:8)
    at model.Query._deleteOne (C:\Users\Jesus\Desktop\Lintufly-sales\server\node_modules\kareem\index.js:376:11)
    at C:\Users\Jesus\Desktop\Lintufly-sales\server\node_modules\mongoose\lib\query.js:4507:19
    at C:\Users\Jesus\Desktop\Lintufly-sales\server\node_modules\kareem\index.js:23:7
    at processTicksAndRejections (node:internal/process/task_queues:75:11) 
 json: {}
2021-06-21T03:17:38.556Z [31merror[39m: [ERR] message: Cannot read property 'forEach' of undefined 
 Name: TypeError 
 Stack: TypeError: Cannot read property 'forEach' of undefined
    at model.Query.deleteProductImages (C:\Users\Jesus\Desktop\Lintufly-sales\server\src\models\Product.model.ts:76:12)
    at next (C:\Users\Jesus\Desktop\Lintufly-sales\server\node_modules\kareem\index.js:199:31)
    at Kareem.execPost (C:\Users\Jesus\Desktop\Lintufly-sales\server\node_modules\kareem\index.js:218:3)
    at _cb (C:\Users\Jesus\Desktop\Lintufly-sales\server\node_modules\kareem\index.js:308:15)
    at C:\Users\Jesus\Desktop\Lintufly-sales\server\node_modules\mongoose\lib\query.js:4555:12
    at Immediate._handleDeleteWriteOpResult (C:\Users\Jesus\Desktop\Lintufly-sales\server\node_modules\mongoose\lib\queryhelpers.js:321:12)
    at Immediate.<anonymous> (C:\Users\Jesus\Desktop\Lintufly-sales\server\node_modules\mquery\lib\utils.js:123:16)
    at processImmediate (node:internal/timers:463:21) 
 json: {}
2021-06-21T03:22:05.475Z [31merror[39m: [ERR] message: Cannot read property 'forEach' of undefined 
 Name: TypeError 
 Stack: TypeError: Cannot read property 'forEach' of undefined
    at model.Query.deleteProductImages (C:\Users\Jesus\Desktop\Lintufly-sales\server\src\models\Product.model.ts:79:12)
    at next (C:\Users\Jesus\Desktop\Lintufly-sales\server\node_modules\kareem\index.js:199:31)
    at Kareem.execPost (C:\Users\Jesus\Desktop\Lintufly-sales\server\node_modules\kareem\index.js:218:3)
    at _cb (C:\Users\Jesus\Desktop\Lintufly-sales\server\node_modules\kareem\index.js:308:15)
    at C:\Users\Jesus\Desktop\Lintufly-sales\server\node_modules\mongoose\lib\query.js:4555:12
    at Immediate._handleDeleteWriteOpResult (C:\Users\Jesus\Desktop\Lintufly-sales\server\node_modules\mongoose\lib\queryhelpers.js:321:12)
    at Immediate.<anonymous> (C:\Users\Jesus\Desktop\Lintufly-sales\server\node_modules\mquery\lib\utils.js:123:16)
    at processImmediate (node:internal/timers:463:21) 
 json: {}
2021-06-21T12:57:05.717Z [31merror[39m: [ERR] message: Cannot read property 'forEach' of undefined 
 Name: TypeError 
 Stack: TypeError: Cannot read property 'forEach' of undefined
    at model.Query.deleteProductImages (C:\Users\Jesus\Desktop\Lintufly-sales\server\src\models\Product.model.ts:78:14)
    at callMiddlewareFunction (C:\Users\Jesus\Desktop\Lintufly-sales\server\node_modules\kareem\index.js:483:23)
    at next (C:\Users\Jesus\Desktop\Lintufly-sales\server\node_modules\kareem\index.js:58:7)
    at Kareem.execPre (C:\Users\Jesus\Desktop\Lintufly-sales\server\node_modules\kareem\index.js:87:8)
    at Kareem.wrap (C:\Users\Jesus\Desktop\Lintufly-sales\server\node_modules\kareem\index.js:266:8)
    at model.Query._deleteOne (C:\Users\Jesus\Desktop\Lintufly-sales\server\node_modules\kareem\index.js:376:11)
    at C:\Users\Jesus\Desktop\Lintufly-sales\server\node_modules\mongoose\lib\query.js:4507:19
    at C:\Users\Jesus\Desktop\Lintufly-sales\server\node_modules\kareem\index.js:23:7
    at processTicksAndRejections (node:internal/process/task_queues:75:11) 
 json: {}
2021-06-21T12:59:51.886Z [31merror[39m: [ERR] message: Cannot read property 'forEach' of undefined 
 Name: TypeError 
 Stack: TypeError: Cannot read property 'forEach' of undefined
    at model.Query.deleteProductImages (C:\Users\Jesus\Desktop\Lintufly-sales\server\src\models\Product.model.ts:84:14)
    at callMiddlewareFunction (C:\Users\Jesus\Desktop\Lintufly-sales\server\node_modules\kareem\index.js:483:23)
    at next (C:\Users\Jesus\Desktop\Lintufly-sales\server\node_modules\kareem\index.js:58:7)
    at Kareem.execPre (C:\Users\Jesus\Desktop\Lintufly-sales\server\node_modules\kareem\index.js:87:8)
    at Kareem.wrap (C:\Users\Jesus\Desktop\Lintufly-sales\server\node_modules\kareem\index.js:266:8)
    at model.Query._deleteOne (C:\Users\Jesus\Desktop\Lintufly-sales\server\node_modules\kareem\index.js:376:11)
    at C:\Users\Jesus\Desktop\Lintufly-sales\server\node_modules\mongoose\lib\query.js:4507:19
    at C:\Users\Jesus\Desktop\Lintufly-sales\server\node_modules\kareem\index.js:23:7
    at processTicksAndRejections (node:internal/process/task_queues:75:11) 
 json: {}
2021-06-21T13:01:31.290Z [31merror[39m: [ERR] message: Cannot read property 'forEach' of undefined 
 Name: TypeError 
 Stack: TypeError: Cannot read property 'forEach' of undefined
    at model.Query.deleteProductImages (C:\Users\Jesus\Desktop\Lintufly-sales\server\src\models\Product.model.ts:84:14)
    at callMiddlewareFunction (C:\Users\Jesus\Desktop\Lintufly-sales\server\node_modules\kareem\index.js:483:23)
    at next (C:\Users\Jesus\Desktop\Lintufly-sales\server\node_modules\kareem\index.js:58:7)
    at Kareem.execPre (C:\Users\Jesus\Desktop\Lintufly-sales\server\node_modules\kareem\index.js:87:8)
    at Kareem.wrap (C:\Users\Jesus\Desktop\Lintufly-sales\server\node_modules\kareem\index.js:266:8)
    at model.Query._deleteOne (C:\Users\Jesus\Desktop\Lintufly-sales\server\node_modules\kareem\index.js:376:11)
    at C:\Users\Jesus\Desktop\Lintufly-sales\server\node_modules\mongoose\lib\query.js:4507:19
    at C:\Users\Jesus\Desktop\Lintufly-sales\server\node_modules\kareem\index.js:23:7
    at processTicksAndRejections (node:internal/process/task_queues:75:11) 
 json: {}
2021-06-21T13:04:45.131Z [31merror[39m: [ERR] message: Cannot read property 'forEach' of undefined 
 Name: TypeError 
 Stack: TypeError: Cannot read property 'forEach' of undefined
    at model.Query.deleteProductImages (C:\Users\Jesus\Desktop\Lintufly-sales\server\src\models\Product.model.ts:82:14)
    at callMiddlewareFunction (C:\Users\Jesus\Desktop\Lintufly-sales\server\node_modules\kareem\index.js:483:23)
    at next (C:\Users\Jesus\Desktop\Lintufly-sales\server\node_modules\kareem\index.js:194:9)
    at Kareem.execPost (C:\Users\Jesus\Desktop\Lintufly-sales\server\node_modules\kareem\index.js:218:3)
    at _cb (C:\Users\Jesus\Desktop\Lintufly-sales\server\node_modules\kareem\index.js:308:15)
    at C:\Users\Jesus\Desktop\Lintufly-sales\server\node_modules\mongoose\lib\query.js:4555:12
    at Immediate._handleDeleteWriteOpResult (C:\Users\Jesus\Desktop\Lintufly-sales\server\node_modules\mongoose\lib\queryhelpers.js:321:12)
    at Immediate.<anonymous> (C:\Users\Jesus\Desktop\Lintufly-sales\server\node_modules\mquery\lib\utils.js:123:16)
    at processImmediate (node:internal/timers:463:21) 
 json: {}
2021-06-21T13:21:03.307Z [31merror[39m: [ERR] message: Cannot read property 'forEach' of undefined 
 Name: TypeError 
 Stack: TypeError: Cannot read property 'forEach' of undefined
    at model.Query.deleteProductImages (C:\Users\Jesus\Desktop\Lintufly-sales\server\src\models\Product.model.ts:82:14)
    at next (C:\Users\Jesus\Desktop\Lintufly-sales\server\node_modules\kareem\index.js:199:31)
    at Kareem.execPost (C:\Users\Jesus\Desktop\Lintufly-sales\server\node_modules\kareem\index.js:218:3)
    at _cb (C:\Users\Jesus\Desktop\Lintufly-sales\server\node_modules\kareem\index.js:308:15)
    at C:\Users\Jesus\Desktop\Lintufly-sales\server\node_modules\mongoose\lib\query.js:4555:12
    at Immediate._handleDeleteWriteOpResult (C:\Users\Jesus\Desktop\Lintufly-sales\server\node_modules\mongoose\lib\queryhelpers.js:321:12)
    at Immediate.<anonymous> (C:\Users\Jesus\Desktop\Lintufly-sales\server\node_modules\mquery\lib\utils.js:123:16)
    at processImmediate (node:internal/timers:463:21) 
 json: {}
